SF:lib\data\datasources\db\tv_database_helper.dart
DA:8,0
DA:12,0
DA:16,0
DA:18,0
DA:25,0
DA:26,0
DA:27,0
DA:29,0
DA:33,0
DA:34,0
DA:41,0
DA:44,0
DA:45,0
DA:46,0
DA:49,0
DA:50,0
DA:51,0
DA:54,0
DA:58,0
DA:59,0
DA:60,0
DA:63,0
DA:66,0
DA:67,0
DA:73,0
DA:74,0
DA:75,0
LF:27
LH:0
end_of_record
SF:lib\data\datasources\tv_local_data_source.dart
DA:15,1
DA:17,1
DA:20,2
DA:23,2
DA:27,1
DA:30,2
DA:33,2
DA:37,1
DA:39,2
DA:41,1
DA:47,1
DA:49,2
DA:50,4
LF:13
LH:13
end_of_record
SF:lib\data\datasources\tv_remote_data_source.dart
DA:24,0
DA:26,0
DA:29,0
DA:31,0
DA:32,0
DA:34,0
DA:38,0
DA:40,0
DA:42,0
DA:43,0
DA:45,0
DA:49,0
DA:51,0
DA:52,0
DA:54,0
DA:55,0
DA:57,0
DA:61,0
DA:64,0
DA:66,0
DA:67,0
DA:69,0
DA:73,0
DA:76,0
DA:78,0
DA:79,0
DA:81,0
DA:85,0
DA:87,0
DA:88,0
DA:90,0
DA:91,0
DA:93,0
LF:33
LH:0
end_of_record
SF:lib\data\models\tv_detail_model.dart
DA:6,1
DA:30,0
DA:31,0
DA:32,0
DA:33,0
DA:34,0
DA:35,0
DA:36,0
DA:37,0
DA:38,0
DA:39,0
DA:40,0
DA:41,0
DA:42,0
DA:45,0
DA:46,0
DA:47,0
DA:48,0
DA:49,0
DA:50,0
DA:51,0
DA:52,0
DA:53,0
DA:54,0
DA:57,1
DA:58,1
DA:59,1
DA:60,1
DA:61,1
DA:62,5
DA:63,1
DA:64,1
DA:65,1
DA:66,1
DA:67,1
DA:68,1
DA:72,0
DA:73,0
DA:74,0
DA:75,0
DA:76,0
DA:77,0
DA:78,0
DA:79,0
DA:80,0
DA:81,0
DA:82,0
DA:83,0
LF:48
LH:13
end_of_record
SF:lib\data\models\tv_model.dart
DA:5,3
DA:31,2
DA:32,2
DA:33,4
DA:34,2
DA:35,1
DA:36,2
DA:37,2
DA:38,2
DA:39,2
DA:40,2
DA:41,2
DA:42,1
DA:45,2
DA:46,1
DA:47,4
DA:48,1
DA:49,1
DA:50,1
DA:51,1
DA:52,1
DA:53,1
DA:54,1
DA:55,1
DA:56,1
DA:59,2
DA:60,2
DA:61,2
DA:62,2
DA:63,2
DA:64,2
DA:65,2
DA:66,2
DA:67,2
DA:68,2
DA:69,2
DA:70,2
DA:71,2
DA:75,1
DA:76,1
DA:77,1
DA:78,1
DA:79,1
DA:80,1
DA:81,1
DA:82,1
DA:83,1
DA:84,1
DA:85,1
DA:86,1
DA:87,1
LF:51
LH:51
end_of_record
SF:lib\data\models\tv_table.dart
DA:11,2
DA:18,2
DA:19,1
DA:20,1
DA:21,1
DA:22,1
DA:25,2
DA:26,1
DA:27,1
DA:28,1
DA:29,1
DA:32,0
DA:33,0
DA:34,0
DA:35,0
DA:36,0
DA:39,2
DA:40,1
DA:41,1
DA:42,1
DA:43,1
DA:46,2
DA:47,10
LF:23
LH:18
end_of_record
SF:lib\domain\entities\tv.dart
DA:4,9
DA:18,2
DA:39,4
DA:40,4
DA:41,4
DA:42,4
DA:43,4
DA:44,4
DA:45,4
DA:46,4
DA:47,4
DA:48,4
DA:49,4
DA:50,4
DA:51,4
DA:52,4
DA:53,4
LF:17
LH:17
end_of_record
SF:lib\domain\entities\tv_detail.dart
DA:5,7
DA:29,2
DA:30,2
DA:31,2
DA:32,2
DA:33,2
DA:34,2
DA:35,2
DA:36,2
DA:37,2
DA:38,2
DA:39,2
DA:40,2
LF:13
LH:13
end_of_record
SF:lib\domain\usecases\get_on_the_air_tv.dart
DA:9,1
DA:11,1
DA:12,2
LF:3
LH:3
end_of_record
SF:lib\domain\usecases\get_popular_tv.dart
DA:9,1
DA:11,1
DA:12,2
LF:3
LH:3
end_of_record
SF:lib\domain\usecases\get_top_rated_tv.dart
DA:9,1
DA:11,1
DA:12,2
LF:3
LH:3
end_of_record
SF:lib\domain\usecases\get_tv_detail.dart
DA:9,1
DA:11,1
DA:12,2
LF:3
LH:3
end_of_record
SF:lib\domain\usecases\get_tv_recommendations.dart
DA:9,1
DA:11,1
DA:12,2
LF:3
LH:3
end_of_record
SF:lib\domain\usecases\get_watchlist_tv.dart
DA:9,1
DA:11,1
DA:12,2
LF:3
LH:3
end_of_record
SF:lib\domain\usecases\get_watchlist_tv_status.dart
DA:6,1
DA:8,1
DA:9,2
LF:3
LH:3
end_of_record
SF:lib\domain\usecases\remove_tv_watchlist.dart
DA:9,1
DA:11,1
DA:12,2
LF:3
LH:3
end_of_record
SF:lib\domain\usecases\save_tv_watchlist.dart
DA:9,1
DA:11,1
DA:12,2
LF:3
LH:3
end_of_record
SF:lib\data\models\tv_response.dart
DA:7,1
DA:9,2
DA:10,2
DA:11,3
DA:12,3
DA:15,2
DA:16,5
DA:19,1
DA:20,2
LF:9
LH:9
end_of_record
SF:lib\data\repositories\tv_repository_impl.dart
DA:16,1
DA:21,1
DA:24,2
DA:25,5
DA:26,1
DA:27,2
DA:28,1
DA:29,2
DA:33,1
DA:36,2
DA:37,2
DA:38,1
DA:39,2
DA:40,1
DA:41,2
DA:45,1
DA:48,2
DA:49,3
DA:50,1
DA:51,2
DA:52,1
DA:53,2
DA:57,1
DA:60,2
DA:61,5
DA:62,1
DA:63,2
DA:64,1
DA:65,2
DA:69,1
DA:72,2
DA:73,5
DA:74,1
DA:75,2
DA:76,1
DA:77,2
DA:81,1
DA:84,2
DA:85,5
DA:86,1
DA:87,2
DA:88,1
DA:89,2
DA:93,1
DA:97,3
DA:98,1
DA:99,1
DA:100,3
DA:106,1
DA:110,3
DA:111,1
DA:112,1
DA:113,3
DA:117,1
DA:119,2
DA:123,1
DA:125,2
DA:126,5
LF:58
LH:58
end_of_record
SF:lib\presentation\bloc\tv_state.dart
DA:4,14
DA:6,5
DA:7,5
DA:11,5
DA:13,1
DA:14,1
DA:25,2
DA:27,1
DA:28,2
DA:34,2
DA:36,1
DA:37,2
DA:48,2
DA:50,1
DA:51,2
DA:57,3
DA:59,1
DA:60,2
DA:71,2
DA:73,1
DA:74,2
DA:80,3
DA:82,1
DA:83,2
DA:94,2
DA:96,1
DA:97,2
DA:103,2
DA:105,1
DA:106,2
DA:117,3
DA:119,1
DA:120,2
DA:126,2
DA:128,1
DA:129,2
DA:135,2
DA:137,1
DA:138,2
DA:144,3
DA:146,1
DA:147,2
DA:158,2
DA:160,1
DA:161,2
DA:167,3
DA:169,1
DA:170,2
LF:48
LH:48
end_of_record
SF:lib\presentation\bloc\tv_event.dart
DA:4,11
DA:9,1
DA:10,1
DA:15,0
DA:16,0
DA:21,0
DA:22,0
DA:29,2
DA:31,0
DA:32,0
DA:37,1
DA:38,1
DA:45,2
DA:47,1
DA:48,2
DA:55,1
DA:57,1
DA:58,2
DA:65,1
DA:67,1
DA:68,2
DA:75,2
DA:76,0
DA:77,0
LF:24
LH:16
end_of_record
SF:lib\presentation\bloc\tv_bloc.dart
DA:12,3
DA:13,2
DA:14,2
DA:15,2
DA:17,5
DA:18,3
DA:27,3
DA:28,2
DA:29,2
DA:30,2
DA:32,5
DA:33,3
DA:42,3
DA:43,2
DA:44,2
DA:45,2
DA:47,5
DA:48,3
DA:57,3
DA:58,2
DA:59,1
DA:61,2
DA:62,2
DA:64,5
DA:65,3
DA:77,1
DA:82,2
DA:83,2
DA:84,2
DA:86,2
DA:88,2
DA:89,3
DA:90,1
DA:91,2
DA:95,2
DA:96,2
DA:97,3
DA:99,2
DA:102,2
DA:103,1
DA:104,2
DA:106,2
DA:107,3
DA:108,1
DA:109,2
DA:113,2
DA:114,1
DA:116,2
DA:118,2
DA:119,3
DA:120,1
DA:121,2
DA:131,3
DA:132,2
DA:133,1
DA:135,2
DA:137,2
DA:139,2
DA:140,3
DA:141,1
DA:142,2
LF:61
LH:61
end_of_record
SF:lib\presentation\pages\home_tv_page.dart
DA:19,1
DA:20,1
DA:24,1
DA:26,1
DA:27,2
DA:28,3
DA:29,1
DA:31,3
DA:32,1
DA:34,3
DA:35,1
DA:40,1
DA:42,1
DA:43,1
DA:45,1
DA:46,1
DA:47,0
DA:48,0
DA:50,1
DA:54,1
DA:56,1
DA:57,1
DA:59,1
DA:60,1
DA:62,0
DA:63,0
DA:65,2
DA:66,1
DA:70,1
DA:71,1
DA:72,1
DA:77,1
DA:79,0
DA:80,0
DA:82,2
DA:83,1
DA:87,1
DA:88,1
DA:89,1
DA:94,1
DA:96,0
DA:97,0
DA:99,2
DA:100,1
DA:104,1
DA:105,1
DA:106,1
DA:118,1
DA:119,1
DA:121,1
DA:122,1
DA:124,1
DA:126,1
DA:128,1
DA:130,1
DA:143,1
DA:145,1
DA:147,1
DA:149,1
DA:151,1
DA:152,2
DA:153,1
DA:155,1
DA:156,0
DA:157,0
DA:160,0
DA:163,1
DA:164,2
DA:165,1
DA:166,2
DA:167,1
DA:170,0
DA:176,2
LF:73
LH:61
end_of_record
SF:lib\presentation\pages\lists_tv_page.dart
DA:10,0
DA:11,0
DA:15,0
DA:17,0
DA:18,0
DA:19,0
DA:20,0
DA:25,0
DA:27,0
DA:28,0
DA:31,0
DA:33,0
DA:34,0
DA:35,0
DA:39,0
DA:40,0
DA:41,0
DA:42,0
DA:43,0
DA:45,0
LF:20
LH:0
end_of_record
SF:lib\presentation\pages\tv_detail_page.dart
DA:14,1
DA:16,1
DA:17,1
DA:21,1
DA:23,1
DA:24,1
DA:25,1
DA:26,3
DA:27,3
DA:29,3
DA:30,3
DA:32,3
DA:33,3
DA:39,1
DA:41,2
DA:42,2
DA:43,0
DA:47,1
DA:48,1
DA:49,1
DA:50,1
DA:54,1
DA:55,1
DA:56,1
DA:57,1
DA:75,1
DA:76,1
DA:78,1
DA:79,1
DA:83,1
DA:85,3
DA:87,1
DA:88,1
DA:89,1
DA:90,4
DA:92,1
DA:95,0
DA:97,1
DA:99,1
DA:100,1
DA:101,1
DA:111,1
DA:112,1
DA:113,1
DA:115,1
DA:117,1
DA:119,1
DA:120,1
DA:121,3
DA:122,1
DA:124,1
DA:125,0
DA:126,0
DA:128,0
DA:129,0
DA:132,0
DA:133,0
DA:142,0
DA:143,0
DA:145,0
DA:146,0
DA:147,0
DA:151,0
DA:155,0
DA:156,0
DA:157,0
DA:158,0
DA:159,0
DA:163,0
DA:165,0
DA:166,0
DA:167,0
DA:171,0
DA:172,0
DA:173,0
DA:176,1
DA:178,1
DA:179,2
DA:186,1
DA:187,4
DA:189,1
DA:190,3
DA:192,1
DA:193,1
DA:194,1
DA:195,4
DA:197,1
DA:203,5
DA:207,1
DA:209,1
DA:211,1
DA:212,3
DA:215,1
DA:217,1
DA:219,1
DA:220,1
DA:221,1
DA:225,1
DA:226,0
DA:227,0
DA:229,1
DA:230,1
DA:232,1
DA:234,1
DA:235,2
DA:236,1
DA:238,1
DA:239,0
DA:240,0
DA:243,0
DA:246,1
DA:251,1
DA:253,2
DA:254,1
DA:260,0
DA:267,2
DA:270,0
DA:275,0
DA:283,1
DA:285,1
DA:298,1
DA:300,1
DA:303,1
DA:305,0
DA:306,0
DA:315,1
DA:317,2
DA:318,3
DA:321,1
DA:325,3
LF:130
LH:94
end_of_record
SF:lib\presentation\pages\popular_tv_page.dart
DA:10,1
DA:11,1
DA:15,1
DA:17,1
DA:18,1
DA:19,4
DA:20,1
DA:25,1
DA:27,1
DA:28,1
DA:31,1
DA:33,1
DA:34,1
DA:35,1
DA:39,1
DA:40,1
DA:41,1
DA:42,1
DA:43,1
DA:44,1
DA:46,1
LF:21
LH:21
end_of_record
SF:lib\presentation\pages\top_rated_tv_page.dart
DA:11,1
DA:12,1
DA:16,1
DA:18,1
DA:19,1
DA:20,4
DA:21,1
DA:26,1
DA:28,1
DA:29,1
DA:30,1
DA:32,1
DA:34,1
DA:35,1
DA:36,1
DA:40,1
DA:41,1
DA:42,1
DA:43,1
DA:44,1
DA:45,1
DA:47,1
LF:22
LH:22
end_of_record
SF:lib\presentation\widgets\tv_card_list.dart
DA:10,6
DA:11,3
DA:13,3
DA:15,3
DA:16,0
DA:17,0
DA:20,0
DA:23,3
DA:25,3
DA:26,3
DA:27,3
DA:33,3
DA:35,3
DA:36,3
DA:37,6
DA:40,3
DA:43,3
DA:44,6
DA:52,3
DA:57,3
DA:59,3
DA:60,9
DA:62,3
DA:65,0
LF:24
LH:20
end_of_record
SF:lib\presentation\pages\watchlist_tv_page.dart
DA:11,1
DA:12,1
DA:16,1
DA:18,1
DA:19,1
DA:20,4
DA:21,1
DA:26,1
DA:28,1
DA:29,4
DA:32,0
DA:33,0
DA:34,0
DA:38,1
DA:40,1
DA:41,1
DA:42,1
DA:44,1
DA:46,1
DA:47,1
DA:48,1
DA:52,1
DA:53,1
DA:54,1
DA:55,2
DA:56,1
DA:58,2
DA:72,1
DA:74,2
DA:75,1
LF:30
LH:27
end_of_record
